-------------------------------------------------------------------------------
Test set: com.example.microservice.MicroserviceApplicationTests
-------------------------------------------------------------------------------
Tests run: 1, Failures: 0, Errors: 1, Skipped: 0, Time elapsed: 0.651 s <<< FAILURE! - in com.example.microservice.MicroserviceApplicationTests
com.example.microservice.MicroserviceApplicationTests  Time elapsed: 0.649 s  <<< ERROR!
java.lang.IllegalStateException: Unable to find a @SpringBootConfiguration, you need to use @ContextConfiguration or @SpringBootTest(classes=...) with your test

